1606382830.005444 client started (11265): version 3.1b, socket /tmp//tmux-1000/default, protocol 8
1606382830.005504 on Linux 5.8.0-30-generic #32-Ubuntu SMP Mon Nov 9 21:03:15 UTC 2020; libevent 2.1.12-stable (poll)
1606382830.005552 socket is /tmp//tmux-1000/default
1606382830.005574 trying connect
1606382830.005609 connect failed: No such file or directory
1606382830.005631 lock file is /tmp//tmux-1000/default.lock
1606382830.005676 flock succeeded
1606382830.005687 got lock (7)
1606382830.005701 trying connect
1606382830.005719 connect failed: No such file or directory
1606382830.006116 add peer 0x5581a3ccfd50: 8 ((nil))
1606382830.006434 sending message 100 to peer 0x5581a3ccfd50 (4 bytes)
1606382830.006455 sending message 101 to peer 0x5581a3ccfd50 (15 bytes)
1606382830.006466 sending message 102 to peer 0x5581a3ccfd50 (11 bytes)
1606382830.006476 sending message 108 to peer 0x5581a3ccfd50 (40 bytes)
1606382830.006489 sending message 104 to peer 0x5581a3ccfd50 (0 bytes)
1606382830.006502 sending message 107 to peer 0x5581a3ccfd50 (4 bytes)
1606382830.006520 sending message 105 to peer 0x5581a3ccfd50 (24 bytes)
1606382830.006550 sending message 105 to peer 0x5581a3ccfd50 (19 bytes)
1606382830.006561 sending message 105 to peer 0x5581a3ccfd50 (18 bytes)
1606382830.006571 sending message 105 to peer 0x5581a3ccfd50 (23 bytes)
1606382830.006581 sending message 105 to peer 0x5581a3ccfd50 (44 bytes)
1606382830.006591 sending message 105 to peer 0x5581a3ccfd50 (44 bytes)
1606382830.006630 sending message 105 to peer 0x5581a3ccfd50 (17 bytes)
1606382830.006643 sending message 105 to peer 0x5581a3ccfd50 (54 bytes)
1606382830.006654 sending message 105 to peer 0x5581a3ccfd50 (21 bytes)
1606382830.006664 sending message 105 to peer 0x5581a3ccfd50 (21 bytes)
1606382830.006676 sending message 105 to peer 0x5581a3ccfd50 (481 bytes)
1606382830.006687 sending message 105 to peer 0x5581a3ccfd50 (20 bytes)
1606382830.006697 sending message 105 to peer 0x5581a3ccfd50 (18 bytes)
1606382830.006707 sending message 105 to peer 0x5581a3ccfd50 (18 bytes)
1606382830.006718 sending message 105 to peer 0x5581a3ccfd50 (26 bytes)
1606382830.006730 sending message 105 to peer 0x5581a3ccfd50 (14 bytes)
1606382830.006740 sending message 105 to peer 0x5581a3ccfd50 (11 bytes)
1606382830.006751 sending message 105 to peer 0x5581a3ccfd50 (17 bytes)
1606382830.006761 sending message 105 to peer 0x5581a3ccfd50 (14 bytes)
1606382830.006771 sending message 105 to peer 0x5581a3ccfd50 (88 bytes)
1606382830.006781 sending message 105 to peer 0x5581a3ccfd50 (41 bytes)
1606382830.006792 sending message 105 to peer 0x5581a3ccfd50 (15 bytes)
1606382830.006802 sending message 105 to peer 0x5581a3ccfd50 (45 bytes)
1606382830.006814 sending message 105 to peer 0x5581a3ccfd50 (37 bytes)
1606382830.006825 sending message 105 to peer 0x5581a3ccfd50 (18 bytes)
1606382830.006835 sending message 105 to peer 0x5581a3ccfd50 (86 bytes)
1606382830.006845 sending message 105 to peer 0x5581a3ccfd50 (18 bytes)
1606382830.006855 sending message 105 to peer 0x5581a3ccfd50 (70 bytes)
1606382830.006866 sending message 105 to peer 0x5581a3ccfd50 (19 bytes)
1606382830.006875 sending message 105 to peer 0x5581a3ccfd50 (85 bytes)
1606382830.006885 sending message 105 to peer 0x5581a3ccfd50 (27 bytes)
1606382830.006896 sending message 105 to peer 0x5581a3ccfd50 (34 bytes)
1606382830.006907 sending message 105 to peer 0x5581a3ccfd50 (31 bytes)
1606382830.006918 sending message 105 to peer 0x5581a3ccfd50 (33 bytes)
1606382830.006929 sending message 105 to peer 0x5581a3ccfd50 (17 bytes)
1606382830.006940 sending message 105 to peer 0x5581a3ccfd50 (29 bytes)
1606382830.006950 sending message 105 to peer 0x5581a3ccfd50 (16 bytes)
1606382830.006960 sending message 105 to peer 0x5581a3ccfd50 (45 bytes)
1606382830.006970 sending message 105 to peer 0x5581a3ccfd50 (17 bytes)
1606382830.006980 sending message 105 to peer 0x5581a3ccfd50 (52 bytes)
1606382830.006991 sending message 105 to peer 0x5581a3ccfd50 (19 bytes)
1606382830.007001 sending message 105 to peer 0x5581a3ccfd50 (23 bytes)
1606382830.007011 sending message 105 to peer 0x5581a3ccfd50 (8 bytes)
1606382830.007041 sending message 105 to peer 0x5581a3ccfd50 (20 bytes)
1606382830.007051 sending message 105 to peer 0x5581a3ccfd50 (24 bytes)
1606382830.007062 sending message 105 to peer 0x5581a3ccfd50 (13 bytes)
1606382830.007073 sending message 105 to peer 0x5581a3ccfd50 (54 bytes)
1606382830.007084 sending message 105 to peer 0x5581a3ccfd50 (28 bytes)
1606382830.007122 sending message 105 to peer 0x5581a3ccfd50 (51 bytes)
1606382830.007146 sending message 105 to peer 0x5581a3ccfd50 (86 bytes)
1606382830.007157 sending message 105 to peer 0x5581a3ccfd50 (29 bytes)
1606382830.007168 sending message 105 to peer 0x5581a3ccfd50 (17 bytes)
1606382830.007178 sending message 105 to peer 0x5581a3ccfd50 (32 bytes)
1606382830.007189 sending message 105 to peer 0x5581a3ccfd50 (20 bytes)
1606382830.007200 sending message 105 to peer 0x5581a3ccfd50 (23 bytes)
1606382830.007210 sending message 105 to peer 0x5581a3ccfd50 (51 bytes)
1606382830.007223 sending message 105 to peer 0x5581a3ccfd50 (34 bytes)
1606382830.007234 sending message 105 to peer 0x5581a3ccfd50 (14 bytes)
1606382830.007244 sending message 105 to peer 0x5581a3ccfd50 (20 bytes)
1606382830.007255 sending message 105 to peer 0x5581a3ccfd50 (13 bytes)
1606382830.007265 sending message 105 to peer 0x5581a3ccfd50 (51 bytes)
1606382830.007276 sending message 105 to peer 0x5581a3ccfd50 (19 bytes)
1606382830.007287 sending message 105 to peer 0x5581a3ccfd50 (41 bytes)
1606382830.007298 sending message 105 to peer 0x5581a3ccfd50 (18 bytes)
1606382830.007310 sending message 105 to peer 0x5581a3ccfd50 (22 bytes)
1606382830.007321 sending message 105 to peer 0x5581a3ccfd50 (1519 bytes)
1606382830.007341 sending message 105 to peer 0x5581a3ccfd50 (30 bytes)
1606382830.007353 sending message 105 to peer 0x5581a3ccfd50 (11 bytes)
1606382830.007364 sending message 105 to peer 0x5581a3ccfd50 (8 bytes)
1606382830.007374 sending message 105 to peer 0x5581a3ccfd50 (32 bytes)
1606382830.007386 sending message 105 to peer 0x5581a3ccfd50 (10 bytes)
1606382830.007397 sending message 105 to peer 0x5581a3ccfd50 (32 bytes)
1606382830.007408 sending message 105 to peer 0x5581a3ccfd50 (34 bytes)
1606382830.007419 sending message 105 to peer 0x5581a3ccfd50 (28 bytes)
1606382830.007430 sending message 105 to peer 0x5581a3ccfd50 (16 bytes)
1606382830.007442 sending message 105 to peer 0x5581a3ccfd50 (54 bytes)
1606382830.007453 sending message 105 to peer 0x5581a3ccfd50 (33 bytes)
1606382830.007464 sending message 105 to peer 0x5581a3ccfd50 (16 bytes)
1606382830.007475 sending message 105 to peer 0x5581a3ccfd50 (56 bytes)
1606382830.007486 sending message 105 to peer 0x5581a3ccfd50 (12 bytes)
1606382830.007497 sending message 105 to peer 0x5581a3ccfd50 (20 bytes)
1606382830.007508 sending message 105 to peer 0x5581a3ccfd50 (14 bytes)
1606382830.007520 sending message 105 to peer 0x5581a3ccfd50 (15 bytes)
1606382830.007532 sending message 105 to peer 0x5581a3ccfd50 (27 bytes)
1606382830.007543 sending message 105 to peer 0x5581a3ccfd50 (18 bytes)
1606382830.007554 sending message 105 to peer 0x5581a3ccfd50 (14 bytes)
1606382830.007566 sending message 105 to peer 0x5581a3ccfd50 (18 bytes)
1606382830.007578 sending message 105 to peer 0x5581a3ccfd50 (20 bytes)
1606382830.007588 sending message 105 to peer 0x5581a3ccfd50 (23 bytes)
1606382830.007597 sending message 105 to peer 0x5581a3ccfd50 (11 bytes)
1606382830.007608 sending message 105 to peer 0x5581a3ccfd50 (16 bytes)
1606382830.007619 sending message 105 to peer 0x5581a3ccfd50 (15 bytes)
1606382830.007630 sending message 105 to peer 0x5581a3ccfd50 (15 bytes)
1606382830.007640 sending message 105 to peer 0x5581a3ccfd50 (15 bytes)
1606382830.007651 sending message 105 to peer 0x5581a3ccfd50 (23 bytes)
1606382830.007662 sending message 105 to peer 0x5581a3ccfd50 (15 bytes)
1606382830.007673 sending message 105 to peer 0x5581a3ccfd50 (17 bytes)
1606382830.007684 sending message 105 to peer 0x5581a3ccfd50 (9 bytes)
1606382830.007695 sending message 105 to peer 0x5581a3ccfd50 (17 bytes)
1606382830.007706 sending message 105 to peer 0x5581a3ccfd50 (14 bytes)
1606382830.007728 sending message 105 to peer 0x5581a3ccfd50 (10 bytes)
1606382830.007739 sending message 106 to peer 0x5581a3ccfd50 (0 bytes)
1606382830.007751 sending message 200 to peer 0x5581a3ccfd50 (4 bytes)
1606382830.007763 client loop enter
1606382830.049879 peer 0x5581a3ccfd50 message 207
1606382830.049890 sending message 208 to peer 0x5581a3ccfd50 (0 bytes)
1606382853.056651 peer 0x5581a3ccfd50 message 203
1606382853.056662 sending message 205 to peer 0x5581a3ccfd50 (0 bytes)
1606382853.056853 peer 0x5581a3ccfd50 message 204
1606382853.056859 client loop exit
